TN:
SF:controllers\auth.js
FN:6,(anonymous_0)
FNF:1
FNH:1
FNDA:1,(anonymous_0)
DA:1,1
DA:2,1
DA:3,1
DA:4,1
DA:6,1
DA:7,1
DA:9,1
DA:11,1
DA:12,0
DA:13,0
DA:17,1
DA:21,1
DA:28,1
LF:13
LH:11
BRDA:11,0,0,0
BRDA:11,0,1,1
BRDA:11,1,0,1
BRDA:11,1,1,1
BRF:4
BRH:3
end_of_record
TN:
SF:controllers\user.js
FN:7,(anonymous_0)
FN:12,(anonymous_1)
FN:23,(anonymous_2)
FN:35,(anonymous_3)
FN:50,(anonymous_4)
FNF:5
FNH:5
FNDA:1,(anonymous_0)
FNDA:1,(anonymous_1)
FNDA:1,(anonymous_2)
FNDA:1,(anonymous_3)
FNDA:1,(anonymous_4)
DA:1,1
DA:2,1
DA:3,1
DA:4,1
DA:5,1
DA:7,1
DA:8,1
DA:9,1
DA:12,1
DA:13,1
DA:14,1
DA:15,1
DA:16,0
DA:19,1
DA:20,1
DA:23,1
DA:24,1
DA:25,1
DA:26,1
DA:28,1
DA:29,0
DA:31,1
DA:32,1
DA:35,1
DA:36,1
DA:37,1
DA:39,1
DA:40,1
DA:42,1
DA:43,0
DA:46,1
DA:47,1
DA:50,1
DA:51,1
DA:52,1
DA:53,1
DA:54,0
DA:57,1
DA:58,1
DA:61,1
LF:40
LH:36
BRDA:15,0,0,0
BRDA:15,0,1,1
BRDA:28,1,0,0
BRDA:28,1,1,1
BRDA:42,2,0,0
BRDA:42,2,1,1
BRDA:53,3,0,0
BRDA:53,3,1,1
BRF:8
BRH:4
end_of_record
TN:
SF:middlewares\asyncwrapper.js
FN:3,(anonymous_0)
FN:4,(anonymous_1)
FNF:2
FNH:2
FNDA:6,(anonymous_0)
FNDA:6,(anonymous_1)
DA:3,1
DA:4,6
DA:5,6
DA:6,6
DA:8,0
DA:13,1
LF:6
LH:5
BRF:0
BRH:0
end_of_record
TN:
SF:middlewares\authorization.js
FN:4,(anonymous_0)
FN:10,(anonymous_1)
FNF:2
FNH:2
FNDA:5,(anonymous_0)
FNDA:5,(anonymous_1)
DA:1,1
DA:2,1
DA:4,1
DA:5,5
DA:6,5
DA:7,0
DA:10,5
DA:11,5
DA:12,0
DA:14,5
DA:15,5
DA:16,5
DA:20,1
LF:13
LH:11
BRDA:6,0,0,0
BRDA:6,0,1,5
BRDA:11,1,0,0
BRDA:11,1,1,5
BRF:4
BRH:2
end_of_record
TN:
SF:routes\auth.js
FNF:0
FNH:0
DA:1,1
DA:2,1
DA:4,1
DA:6,1
DA:8,1
LF:5
LH:5
BRF:0
BRH:0
end_of_record
TN:
SF:routes\user.js
FNF:0
FNH:0
DA:1,1
DA:3,1
DA:10,1
DA:12,1
DA:14,1
DA:18,1
DA:24,1
LF:7
LH:7
BRF:0
BRH:0
end_of_record
TN:
SF:services\userService.js
FN:5,(anonymous_0)
FN:10,(anonymous_1)
FN:13,(anonymous_2)
FN:21,(anonymous_3)
FN:29,(anonymous_4)
FN:37,(anonymous_5)
FNF:6
FNH:6
FNDA:1,(anonymous_0)
FNDA:4,(anonymous_1)
FNDA:1,(anonymous_2)
FNDA:1,(anonymous_3)
FNDA:1,(anonymous_4)
FNDA:1,(anonymous_5)
DA:1,1
DA:2,1
DA:6,1
DA:7,1
DA:8,0
DA:10,4
DA:14,1
DA:15,1
DA:16,0
DA:18,1
DA:22,1
DA:23,1
DA:24,0
DA:26,1
DA:30,1
DA:31,1
DA:32,0
DA:34,1
DA:38,1
DA:39,1
DA:40,0
DA:42,1
DA:46,1
LF:23
LH:18
BRDA:7,0,0,0
BRDA:7,0,1,1
BRDA:15,1,0,0
BRDA:15,1,1,1
BRDA:23,2,0,0
BRDA:23,2,1,1
BRDA:31,3,0,0
BRDA:31,3,1,1
BRDA:39,4,0,0
BRDA:39,4,1,1
BRF:10
BRH:5
end_of_record
